D:\PROGRAMMING\HAPTIC WORK\OPENHAPTICSWRAPPER\DEBUG\OPENHAPTICSWRAPPER.DLL
D:\PROGRAMMING\HAPTIC WORK\OPENHAPTICSWRAPPER\DEBUG\OPENHAPTICSWRAPPER.ILK
D:\PROGRAMMING\HAPTIC WORK\OPENHAPTICSWRAPPER\DEBUG\OPENHAPTICSWRAPPER.PDB
D:\PROGRAMMING\HAPTIC WORK\OPENHAPTICSWRAPPER\OPENHAPTICSWRAPPER\DEBUG\.NETFRAMEWORK,VERSION=V4.5.2.ASSEMBLYATTRIBUTES.OBJ
D:\PROGRAMMING\HAPTIC WORK\OPENHAPTICSWRAPPER\OPENHAPTICSWRAPPER\DEBUG\APP.RES
D:\PROGRAMMING\HAPTIC WORK\OPENHAPTICSWRAPPER\OPENHAPTICSWRAPPER\DEBUG\ASSEMBLYINFO.OBJ
D:\Programming\Haptic Work\OpenHapticsWrapper\OpenHapticsWrapper\Debug\cl.command.1.tlog
D:\Programming\Haptic Work\OpenHapticsWrapper\OpenHapticsWrapper\Debug\CL.read.1.tlog
D:\Programming\Haptic Work\OpenHapticsWrapper\OpenHapticsWrapper\Debug\CL.write.1.tlog
D:\Programming\Haptic Work\OpenHapticsWrapper\OpenHapticsWrapper\Debug\link.11568.read.1.tlog
D:\Programming\Haptic Work\OpenHapticsWrapper\OpenHapticsWrapper\Debug\link.11568.write.1.tlog
D:\Programming\Haptic Work\OpenHapticsWrapper\OpenHapticsWrapper\Debug\link.11568-cvtres.read.1.tlog
D:\Programming\Haptic Work\OpenHapticsWrapper\OpenHapticsWrapper\Debug\link.11568-cvtres.write.1.tlog
D:\Programming\Haptic Work\OpenHapticsWrapper\OpenHapticsWrapper\Debug\link.16928.read.1.tlog
D:\Programming\Haptic Work\OpenHapticsWrapper\OpenHapticsWrapper\Debug\link.16928.write.1.tlog
D:\Programming\Haptic Work\OpenHapticsWrapper\OpenHapticsWrapper\Debug\link.16928-cvtres.read.1.tlog
D:\Programming\Haptic Work\OpenHapticsWrapper\OpenHapticsWrapper\Debug\link.16928-cvtres.write.1.tlog
D:\Programming\Haptic Work\OpenHapticsWrapper\OpenHapticsWrapper\Debug\link.17136.read.1.tlog
D:\Programming\Haptic Work\OpenHapticsWrapper\OpenHapticsWrapper\Debug\link.17136.write.1.tlog
D:\Programming\Haptic Work\OpenHapticsWrapper\OpenHapticsWrapper\Debug\link.17136-cvtres.read.1.tlog
D:\Programming\Haptic Work\OpenHapticsWrapper\OpenHapticsWrapper\Debug\link.17136-cvtres.write.1.tlog
D:\Programming\Haptic Work\OpenHapticsWrapper\OpenHapticsWrapper\Debug\link.18128.read.1.tlog
D:\Programming\Haptic Work\OpenHapticsWrapper\OpenHapticsWrapper\Debug\link.18128.write.1.tlog
D:\Programming\Haptic Work\OpenHapticsWrapper\OpenHapticsWrapper\Debug\link.18128-cvtres.read.1.tlog
D:\Programming\Haptic Work\OpenHapticsWrapper\OpenHapticsWrapper\Debug\link.18128-cvtres.write.1.tlog
D:\Programming\Haptic Work\OpenHapticsWrapper\OpenHapticsWrapper\Debug\link.19292.read.1.tlog
D:\Programming\Haptic Work\OpenHapticsWrapper\OpenHapticsWrapper\Debug\link.19292.write.1.tlog
D:\Programming\Haptic Work\OpenHapticsWrapper\OpenHapticsWrapper\Debug\link.19292-cvtres.read.1.tlog
D:\Programming\Haptic Work\OpenHapticsWrapper\OpenHapticsWrapper\Debug\link.19292-cvtres.write.1.tlog
D:\Programming\Haptic Work\OpenHapticsWrapper\OpenHapticsWrapper\Debug\link.3752.read.1.tlog
D:\Programming\Haptic Work\OpenHapticsWrapper\OpenHapticsWrapper\Debug\link.3752.write.1.tlog
D:\Programming\Haptic Work\OpenHapticsWrapper\OpenHapticsWrapper\Debug\link.3752-cvtres.read.1.tlog
D:\Programming\Haptic Work\OpenHapticsWrapper\OpenHapticsWrapper\Debug\link.3752-cvtres.write.1.tlog
D:\Programming\Haptic Work\OpenHapticsWrapper\OpenHapticsWrapper\Debug\link.4036.read.1.tlog
D:\Programming\Haptic Work\OpenHapticsWrapper\OpenHapticsWrapper\Debug\link.4036.write.1.tlog
D:\Programming\Haptic Work\OpenHapticsWrapper\OpenHapticsWrapper\Debug\link.4036-cvtres.read.1.tlog
D:\Programming\Haptic Work\OpenHapticsWrapper\OpenHapticsWrapper\Debug\link.4036-cvtres.write.1.tlog
D:\Programming\Haptic Work\OpenHapticsWrapper\OpenHapticsWrapper\Debug\link.4404.read.1.tlog
D:\Programming\Haptic Work\OpenHapticsWrapper\OpenHapticsWrapper\Debug\link.4404.write.1.tlog
D:\Programming\Haptic Work\OpenHapticsWrapper\OpenHapticsWrapper\Debug\link.4404-cvtres.read.1.tlog
D:\Programming\Haptic Work\OpenHapticsWrapper\OpenHapticsWrapper\Debug\link.4404-cvtres.write.1.tlog
D:\Programming\Haptic Work\OpenHapticsWrapper\OpenHapticsWrapper\Debug\link.6132.read.1.tlog
D:\Programming\Haptic Work\OpenHapticsWrapper\OpenHapticsWrapper\Debug\link.6132.write.1.tlog
D:\Programming\Haptic Work\OpenHapticsWrapper\OpenHapticsWrapper\Debug\link.6132-cvtres.read.1.tlog
D:\Programming\Haptic Work\OpenHapticsWrapper\OpenHapticsWrapper\Debug\link.6132-cvtres.write.1.tlog
D:\Programming\Haptic Work\OpenHapticsWrapper\OpenHapticsWrapper\Debug\link.6532.read.1.tlog
D:\Programming\Haptic Work\OpenHapticsWrapper\OpenHapticsWrapper\Debug\link.6532.write.1.tlog
D:\Programming\Haptic Work\OpenHapticsWrapper\OpenHapticsWrapper\Debug\link.6532-cvtres.read.1.tlog
D:\Programming\Haptic Work\OpenHapticsWrapper\OpenHapticsWrapper\Debug\link.6532-cvtres.write.1.tlog
D:\Programming\Haptic Work\OpenHapticsWrapper\OpenHapticsWrapper\Debug\link.command.1.tlog
D:\Programming\Haptic Work\OpenHapticsWrapper\OpenHapticsWrapper\Debug\link.read.1.tlog
D:\Programming\Haptic Work\OpenHapticsWrapper\OpenHapticsWrapper\Debug\link.write.1.tlog
D:\Programming\Haptic Work\OpenHapticsWrapper\OpenHapticsWrapper\Debug\mt.command.1.tlog
D:\Programming\Haptic Work\OpenHapticsWrapper\OpenHapticsWrapper\Debug\mt.read.1.tlog
D:\Programming\Haptic Work\OpenHapticsWrapper\OpenHapticsWrapper\Debug\mt.write.1.tlog
D:\PROGRAMMING\HAPTIC WORK\OPENHAPTICSWRAPPER\OPENHAPTICSWRAPPER\DEBUG\OPENHAPTICSWRAPPER.DLL.INTERMEDIATE.MANIFEST
D:\PROGRAMMING\HAPTIC WORK\OPENHAPTICSWRAPPER\OPENHAPTICSWRAPPER\DEBUG\OPENHAPTICSWRAPPER.OBJ
D:\PROGRAMMING\HAPTIC WORK\OPENHAPTICSWRAPPER\OPENHAPTICSWRAPPER\DEBUG\OPENHAPTICSWRAPPER.PCH
D:\Programming\Haptic Work\OpenHapticsWrapper\OpenHapticsWrapper\Debug\OpenHapticsWrapper.vcxprojResolveAssemblyReference.cache
D:\Programming\Haptic Work\OpenHapticsWrapper\OpenHapticsWrapper\Debug\OpenHapticsWrapper.write.1.tlog
D:\Programming\Haptic Work\OpenHapticsWrapper\OpenHapticsWrapper\Debug\rc.command.1.tlog
D:\Programming\Haptic Work\OpenHapticsWrapper\OpenHapticsWrapper\Debug\rc.read.1.tlog
D:\Programming\Haptic Work\OpenHapticsWrapper\OpenHapticsWrapper\Debug\rc.write.1.tlog
D:\PROGRAMMING\HAPTIC WORK\OPENHAPTICSWRAPPER\OPENHAPTICSWRAPPER\DEBUG\STDAFX.OBJ
D:\PROGRAMMING\HAPTIC WORK\OPENHAPTICSWRAPPER\OPENHAPTICSWRAPPER\DEBUG\VC100.PDB
