D:\PROGRAMMING\HAPTIC WORK\OPENHAPTICSWRAPPER\OPENHAPTICSWRAPPER\X64\DEBUG\APP.RES
D:\PROGRAMMING\HAPTIC WORK\OPENHAPTICSWRAPPER\OPENHAPTICSWRAPPER\X64\DEBUG\ASSEMBLYINFO.OBJ
D:\Programming\Haptic Work\OpenHapticsWrapper\OpenHapticsWrapper\x64\Debug\cl.command.1.tlog
D:\Programming\Haptic Work\OpenHapticsWrapper\OpenHapticsWrapper\x64\Debug\CL.read.1.tlog
D:\Programming\Haptic Work\OpenHapticsWrapper\OpenHapticsWrapper\x64\Debug\CL.write.1.tlog
D:\Programming\Haptic Work\OpenHapticsWrapper\OpenHapticsWrapper\x64\Debug\link.1168.read.1.tlog
D:\Programming\Haptic Work\OpenHapticsWrapper\OpenHapticsWrapper\x64\Debug\link.1168.read.2.tlog
D:\Programming\Haptic Work\OpenHapticsWrapper\OpenHapticsWrapper\x64\Debug\link.1168.write.1.tlog
D:\Programming\Haptic Work\OpenHapticsWrapper\OpenHapticsWrapper\x64\Debug\link.1168-cvtres.read.1.tlog
D:\Programming\Haptic Work\OpenHapticsWrapper\OpenHapticsWrapper\x64\Debug\link.1168-cvtres.write.1.tlog
D:\Programming\Haptic Work\OpenHapticsWrapper\OpenHapticsWrapper\x64\Debug\link.command.1.tlog
D:\Programming\Haptic Work\OpenHapticsWrapper\OpenHapticsWrapper\x64\Debug\link.read.1.tlog
D:\Programming\Haptic Work\OpenHapticsWrapper\OpenHapticsWrapper\x64\Debug\link.write.1.tlog
D:\Programming\Haptic Work\OpenHapticsWrapper\OpenHapticsWrapper\x64\Debug\mt.command.1.tlog
D:\Programming\Haptic Work\OpenHapticsWrapper\OpenHapticsWrapper\x64\Debug\mt.read.1.tlog
D:\Programming\Haptic Work\OpenHapticsWrapper\OpenHapticsWrapper\x64\Debug\mt.write.1.tlog
D:\PROGRAMMING\HAPTIC WORK\OPENHAPTICSWRAPPER\OPENHAPTICSWRAPPER\X64\DEBUG\OPENHAPTICSWRAPPER.DLL.INTERMEDIATE.MANIFEST
D:\PROGRAMMING\HAPTIC WORK\OPENHAPTICSWRAPPER\OPENHAPTICSWRAPPER\X64\DEBUG\OPENHAPTICSWRAPPER.OBJ
D:\PROGRAMMING\HAPTIC WORK\OPENHAPTICSWRAPPER\OPENHAPTICSWRAPPER\X64\DEBUG\OPENHAPTICSWRAPPER.PCH
D:\Programming\Haptic Work\OpenHapticsWrapper\OpenHapticsWrapper\x64\Debug\rc.command.1.tlog
D:\Programming\Haptic Work\OpenHapticsWrapper\OpenHapticsWrapper\x64\Debug\rc.read.1.tlog
D:\Programming\Haptic Work\OpenHapticsWrapper\OpenHapticsWrapper\x64\Debug\rc.write.1.tlog
D:\PROGRAMMING\HAPTIC WORK\OPENHAPTICSWRAPPER\OPENHAPTICSWRAPPER\X64\DEBUG\STDAFX.OBJ
D:\PROGRAMMING\HAPTIC WORK\OPENHAPTICSWRAPPER\OPENHAPTICSWRAPPER\X64\DEBUG\VC100.PDB
D:\PROGRAMMING\HAPTIC WORK\OPENHAPTICSWRAPPER\X64\DEBUG\OPENHAPTICSWRAPPER.DLL
D:\PROGRAMMING\HAPTIC WORK\OPENHAPTICSWRAPPER\X64\DEBUG\OPENHAPTICSWRAPPER.ILK
D:\PROGRAMMING\HAPTIC WORK\OPENHAPTICSWRAPPER\X64\DEBUG\OPENHAPTICSWRAPPER.PDB
